This is pdfTeX, Version 3.141592653-2.6-1.40.27 (MiKTeX 25.4) (preloaded format=pdflatex 2025.11.26)  9 DEC 2025 09:33
entering extended mode
 restricted \write18 enabled.
 %&-line parsing enabled.
**"c:/Users/xt6894/programmi/Mercato energetico - Pisano/appunti.tex"
(c:/Users/xt6894/programmi/Mercato energetico - Pisano/appunti.tex
LaTeX2e <2025-11-01>
L3 programming layer <2025-11-06>
(C:\Users\xt6894\AppData\Local\Programs\MiKTeX\tex/latex/base\report.cls
Document Class: report 2025/01/22 v1.4n Standard LaTeX document class
(C:\Users\xt6894\AppData\Local\Programs\MiKTeX\tex/latex/base\size10.clo
File: size10.clo 2025/01/22 v1.4n Standard LaTeX file (size option)
)
\c@part=\count275
\c@chapter=\count276
\c@section=\count277
\c@subsection=\count278
\c@subsubsection=\count279
\c@paragraph=\count280
\c@subparagraph=\count281
\c@figure=\count282
\c@table=\count283
\abovecaptionskip=\skip49
\belowcaptionskip=\skip50
\bibindent=\dimen148
)
(C:\Users\xt6894\AppData\Local\Programs\MiKTeX\tex/latex/siunitx\siunitx.sty
Package: siunitx 2025-07-09 v3.4.14 A comprehensive (SI) units package
\l__siunitx_number_uncert_offset_int=\count284
\l__siunitx_number_exponent_fixed_int=\count285
\l__siunitx_number_min_decimal_int=\count286
\l__siunitx_number_min_integer_int=\count287
\l__siunitx_number_round_precision_int=\count288
\l__siunitx_number_lower_threshold_int=\count289
\l__siunitx_number_upper_threshold_int=\count290
\l__siunitx_number_group_first_int=\count291
\l__siunitx_number_group_size_int=\count292
\l__siunitx_number_group_minimum_int=\count293
\l__siunitx_angle_tmp_dim=\dimen149
\l__siunitx_angle_marker_box=\box53
\l__siunitx_angle_unit_box=\box54
\l__siunitx_compound_count_int=\count294

(C:\Users\xt6894\AppData\Local\Programs\MiKTeX\tex/latex/translations\translati
ons.sty
Package: translations 2022/02/05 v1.12 internationalization of LaTeX2e packages
 (CN)

(C:\Users\xt6894\AppData\Local\Programs\MiKTeX\tex/latex/etoolbox\etoolbox.sty
Package: etoolbox 2025/10/02 v2.5m e-TeX tools for LaTeX (JAW)
\etb@tempcnta=\count295
)
(C:\Users\xt6894\AppData\Local\Programs\MiKTeX\tex/generic/pdftexcmds\pdftexcmd
s.sty
Package: pdftexcmds 2020-06-27 v0.33 Utility functions of pdfTeX for LuaTeX (HO
)

(C:\Users\xt6894\AppData\Local\Programs\MiKTeX\tex/generic/infwarerr\infwarerr.
sty
Package: infwarerr 2019/12/03 v1.5 Providing info/warning/error messages (HO)
) (C:\Users\xt6894\AppData\Local\Programs\MiKTeX\tex/generic/iftex\iftex.sty
Package: iftex 2024/12/12 v1.0g TeX engine tests
)
(C:\Users\xt6894\AppData\Local\Programs\MiKTeX\tex/generic/ltxcmds\ltxcmds.sty
Package: ltxcmds 2023-12-04 v1.26 LaTeX kernel commands for general use (HO)
)
Package pdftexcmds Info: \pdf@primitive is available.
Package pdftexcmds Info: \pdf@ifprimitive is available.
Package pdftexcmds Info: \pdfdraftmode found.
)) (C:\Users\xt6894\AppData\Local\Programs\MiKTeX\tex/latex/amsmath\amstext.sty
Package: amstext 2024/11/17 v2.01 AMS text
(C:\Users\xt6894\AppData\Local\Programs\MiKTeX\tex/latex/amsmath\amsgen.sty
File: amsgen.sty 1999/11/30 v2.0 generic functions
\@emptytoks=\toks17
\ex@=\dimen150
))
\l__siunitx_table_tmp_box=\box55
\l__siunitx_table_tmp_dim=\dimen151
\l__siunitx_table_column_width_dim=\dimen152
\l__siunitx_table_integer_box=\box56
\l__siunitx_table_decimal_box=\box57
\l__siunitx_table_uncert_box=\box58
\l__siunitx_table_before_box=\box59
\l__siunitx_table_after_box=\box60
\l__siunitx_table_before_dim=\dimen153
\l__siunitx_table_carry_dim=\dimen154
\l__siunitx_unit_tmp_int=\count296
\l__siunitx_unit_position_int=\count297
\l__siunitx_unit_total_int=\count298

(C:\Users\xt6894\AppData\Local\Programs\MiKTeX\tex/latex/tools\array.sty
Package: array 2025/09/25 v2.6n Tabular extension package (FMi)
\col@sep=\dimen155
\ar@mcellbox=\box61
\extrarowheight=\dimen156
\NC@list=\toks18
\extratabsurround=\skip51
\backup@length=\skip52
\ar@cellbox=\box62
))
(C:\Users\xt6894\AppData\Local\Programs\MiKTeX\tex/latex/geometry\geometry.sty
Package: geometry 2020/01/02 v5.9 Page Geometry

(C:\Users\xt6894\AppData\Local\Programs\MiKTeX\tex/latex/graphics\keyval.sty
Package: keyval 2022/05/29 v1.15 key=value parser (DPC)
\KV@toks@=\toks19
)
(C:\Users\xt6894\AppData\Local\Programs\MiKTeX\tex/generic/iftex\ifvtex.sty
Package: ifvtex 2019/10/25 v1.7 ifvtex legacy package. Use iftex instead.
)
\Gm@cnth=\count299
\Gm@cntv=\count300
\c@Gm@tempcnt=\count301
\Gm@bindingoffset=\dimen157
\Gm@wd@mp=\dimen158
\Gm@odd@mp=\dimen159
\Gm@even@mp=\dimen160
\Gm@layoutwidth=\dimen161
\Gm@layoutheight=\dimen162
\Gm@layouthoffset=\dimen163
\Gm@layoutvoffset=\dimen164
\Gm@dimlist=\toks20

(C:\Users\xt6894\AppData\Local\Programs\MiKTeX\tex/latex/geometry\geometry.cfg)
)
(C:\Users\xt6894\AppData\Local\Programs\MiKTeX\tex/latex/koma-script\scrextend.
sty
Package: scrextend 2025/09/09 v3.48 KOMA-Script package (extend other classes w
ith features of KOMA-Script classes)

(C:\Users\xt6894\AppData\Local\Programs\MiKTeX\tex/latex/koma-script\scrkbase.s
ty
Package: scrkbase 2025/09/09 v3.48 KOMA-Script package (KOMA-Script-dependent b
asics and keyval usage)

(C:\Users\xt6894\AppData\Local\Programs\MiKTeX\tex/latex/koma-script\scrbase.st
y
Package: scrbase 2025/09/09 v3.48 KOMA-Script package (KOMA-Script-independent 
basics and keyval usage)

(C:\Users\xt6894\AppData\Local\Programs\MiKTeX\tex/latex/koma-script\scrlfile.s
ty
Package: scrlfile 2025/09/09 v3.48 KOMA-Script package (file load hooks)

(C:\Users\xt6894\AppData\Local\Programs\MiKTeX\tex/latex/koma-script\scrlfile-h
ook.sty
Package: scrlfile-hook 2025/09/09 v3.48 KOMA-Script package (using LaTeX hooks)


(C:\Users\xt6894\AppData\Local\Programs\MiKTeX\tex/latex/koma-script\scrlogo.st
y
Package: scrlogo 2025/09/09 v3.48 KOMA-Script package (logo)
)))
Applying: [2021/05/01] Usage of raw or classic option list on input line 254.
Already applied: [0000/00/00] Usage of raw or classic option list on input line
 370.
)))

LaTeX Font Warning: Font shape `OT1/cmr/m/n' in size <13> not available
(Font)              size <12> substituted on input line 15.

(C:\Users\xt6894\AppData\Local\Programs\MiKTeX\tex/generic/babel\babel.sty
Package: babel 2025/11/09 v25.15 The multilingual framework for LuaLaTeX, pdfLa
TeX and XeLaTeX
\babel@savecnt=\count302
LaTeX Encoding Info:    Redeclaring text command \ij (encoding OT1) on input li
ne 2050.
LaTeX Encoding Info:    Redeclaring text command \IJ (encoding OT1) on input li
ne 2052.
LaTeX Encoding Info:    Redeclaring text command \ij (encoding T1) on input lin
e 2054.
LaTeX Encoding Info:    Redeclaring text command \IJ (encoding T1) on input lin
e 2055.
LaTeX Encoding Info:    Ignoring declaration for text command \ij (encoding ?) 
on input line 2056.
LaTeX Encoding Info:    Ignoring declaration for text command \IJ (encoding ?) 
on input line 2058.
LaTeX Encoding Info:    Ignoring declaration for text command \SS (encoding ?) 
on input line 2083.
\U@D=\dimen165
\l@unhyphenated=\language79

(C:\Users\xt6894\AppData\Local\Programs\MiKTeX\tex/generic/babel\txtbabel.def)
\bbl@readstream=\read2
\bbl@dirlevel=\count303
Package babel Info: Configuration files are deprecated, as
(babel)             they can break document portability.
(babel)             Reported on input line 4175.

*************************************
* Local config file bblopts.cfg used
*
(C:\Users\xt6894\AppData\Local\Programs\MiKTeX\tex/latex/arabi\bblopts.cfg
File: bblopts.cfg 2005/09/08 v0.1 add Arabic and Farsi to "declared" options of
 babel
)
(C:\Users\xt6894\AppData\Local\Programs\MiKTeX\tex/generic/babel/locale/en\babe
l-english.tex)
(C:\Users\xt6894\AppData\Local\Programs\MiKTeX\tex/generic/babel/locale/it\babe
l-italian.tex)
Package babel Info: Importing font and identification data for english
(babel)             from babel-en.ini. Reported on input line 4298.

(C:\Users\xt6894\AppData\Local\Programs\MiKTeX\tex/latex/babel-english\english.
ldf
Language: english 2017/06/06 v3.3r English support from the babel system
Package babel Info: Hyphen rules for 'canadian' set to \l@english
(babel)             (\language0). Reported on input line 102.
Package babel Info: Hyphen rules for 'australian' set to \l@ukenglish
(babel)             (\language73). Reported on input line 105.
Package babel Info: Hyphen rules for 'newzealand' set to \l@ukenglish
(babel)             (\language73). Reported on input line 108.
)
Package babel Info: Importing font and identification data for italian
(babel)             from babel-it.ini. Reported on input line 4298.

(C:\Users\xt6894\AppData\Local\Programs\MiKTeX\tex/latex/babel-italian\italian.
ldf
Language: italian 2024/10/10 v.1.5.01 Italian support for the babel system
\it@lettering=\count304
\it@doublequoteactive=\count305
\it@ISOcompliance=\count306
))
(C:\Users\xt6894\AppData\Local\Programs\MiKTeX\tex/latex/natbib\natbib.sty
Package: natbib 2010/09/13 8.31b (PWD, AO)
\bibhang=\skip53
\bibsep=\skip54
LaTeX Info: Redefining \cite on input line 694.
\c@NAT@ctr=\count307
)
(C:\Users\xt6894\AppData\Local\Programs\MiKTeX\tex/latex/babelbib\babelbib.sty
Package: babelbib 2021/01/06 v1.34 babelbib: multilingual bibliographies
\c@btxromaniannumeral=\count308
) (C:\Users\xt6894\AppData\Local\Programs\MiKTeX\tex/latex/base\inputenc.sty
Package: inputenc 2024/02/08 v1.3d Input encoding file
\inpenc@prehook=\toks21
\inpenc@posthook=\toks22
)
(C:\Users\xt6894\AppData\Local\Programs\MiKTeX\tex/latex/base\fontenc.sty
Package: fontenc 2025/07/18 v2.1d Standard LaTeX package


LaTeX Font Warning: Font shape `T1/cmr/m/n' in size <13> not available
(Font)              size <12> substituted on input line 116.

) (C:\Users\xt6894\AppData\Local\Programs\MiKTeX\tex/latex/lipsum\lipsum.sty
(C:\Users\xt6894\AppData\Local\Programs\MiKTeX\tex/latex/l3packages/l3keys2e\l3
keys2e.sty
(C:\Users\xt6894\AppData\Local\Programs\MiKTeX\tex/latex/l3kernel\expl3.sty
Package: expl3 2025-11-06 L3 programming layer (loader) 

(C:\Users\xt6894\AppData\Local\Programs\MiKTeX\tex/latex/l3backend\l3backend-pd
ftex.def
File: l3backend-pdftex.def 2025-10-09 L3 backend support: PDF output (pdfTeX)
\l__color_backend_stack_int=\count309
))
Package: l3keys2e 2025-10-09 LaTeX2e option processing using LaTeX3 keys
)
Package: lipsum 2021-09-20 v2.7 150 paragraphs of Lorem Ipsum dummy text
\g__lipsum_par_int=\count310
\l__lipsum_a_int=\count311
\l__lipsum_b_int=\count312

(C:\Users\xt6894\AppData\Local\Programs\MiKTeX\tex/latex/lipsum\lipsum.ltd.tex)
)
(C:\Users\xt6894\AppData\Local\Programs\MiKTeX\tex/latex/graphics\rotating.sty
Package: rotating 2025/01/14 v2.16e rotated objects in LaTeX

(C:\Users\xt6894\AppData\Local\Programs\MiKTeX\tex/latex/graphics\graphicx.sty
Package: graphicx 2024/12/31 v1.2e Enhanced LaTeX Graphics (DPC,SPQR)

(C:\Users\xt6894\AppData\Local\Programs\MiKTeX\tex/latex/graphics\graphics.sty
Package: graphics 2024/08/06 v1.4g Standard LaTeX Graphics (DPC,SPQR)

(C:\Users\xt6894\AppData\Local\Programs\MiKTeX\tex/latex/graphics\trig.sty
Package: trig 2023/12/02 v1.11 sin cos tan (DPC)
)
(C:\Users\xt6894\AppData\Local\Programs\MiKTeX\tex/latex/graphics-cfg\graphics.
cfg
File: graphics.cfg 2016/06/04 v1.11 sample graphics configuration
)
Package graphics Info: Driver file: pdftex.def on input line 106.

(C:\Users\xt6894\AppData\Local\Programs\MiKTeX\tex/latex/graphics-def\pdftex.de
f
File: pdftex.def 2025/09/29 v1.2d Graphics/color driver for pdftex
))
\Gin@req@height=\dimen166
\Gin@req@width=\dimen167
) (C:\Users\xt6894\AppData\Local\Programs\MiKTeX\tex/latex/base\ifthen.sty
Package: ifthen 2024/03/16 v1.1e Standard LaTeX ifthen package (DPC)
)
\c@r@tfl@t=\count313
\rotFPtop=\skip55
\rotFPbot=\skip56
\rot@float@box=\box63
\rot@mess@toks=\toks23
) (C:\Users\xt6894\AppData\Local\Programs\MiKTeX\tex/latex/fancyhdr\fancyhdr.st
y
Package: fancyhdr 2025/02/07 v5.2 Extensive control of page headers and footers

\f@nch@headwidth=\skip57
\f@nch@offset@elh=\skip58
\f@nch@offset@erh=\skip59
\f@nch@offset@olh=\skip60
\f@nch@offset@orh=\skip61
\f@nch@offset@elf=\skip62
\f@nch@offset@erf=\skip63
\f@nch@offset@olf=\skip64
\f@nch@offset@orf=\skip65
\f@nch@height=\skip66
\f@nch@footalignment=\skip67
\f@nch@widthL=\skip68
\f@nch@widthC=\skip69
\f@nch@widthR=\skip70
\@temptokenb=\toks24
)
(C:\Users\xt6894\AppData\Local\Programs\MiKTeX\tex/latex/booktabs\booktabs.sty
Package: booktabs 2020/01/12 v1.61803398 Publication quality tables
\heavyrulewidth=\dimen168
\lightrulewidth=\dimen169
\cmidrulewidth=\dimen170
\belowrulesep=\dimen171
\belowbottomsep=\dimen172
\aboverulesep=\dimen173
\abovetopsep=\dimen174
\cmidrulesep=\dimen175
\cmidrulekern=\dimen176
\defaultaddspace=\dimen177
\@cmidla=\count314
\@cmidlb=\count315
\@aboverulesep=\dimen178
\@belowrulesep=\dimen179
\@thisruleclass=\count316
\@lastruleclass=\count317
\@thisrulewidth=\dimen180
) (C:\Users\xt6894\AppData\Local\Programs\MiKTeX\tex/latex/float\float.sty
Package: float 2001/11/08 v1.3d Float enhancements (AL)
\c@float@type=\count318
\float@exts=\toks25
\float@box=\box64
\@float@everytoks=\toks26
\@floatcapt=\box65
)
(C:\Users\xt6894\AppData\Local\Programs\MiKTeX\tex/latex/amsfonts\amssymb.sty
Package: amssymb 2013/01/14 v3.01 AMS font symbols

(C:\Users\xt6894\AppData\Local\Programs\MiKTeX\tex/latex/amsfonts\amsfonts.sty
Package: amsfonts 2013/01/14 v3.01 Basic AMSFonts support
\symAMSa=\mathgroup4
\symAMSb=\mathgroup5
LaTeX Font Info:    Redeclaring math symbol \hbar on input line 98.
LaTeX Font Info:    Overwriting math alphabet `\mathfrak' in version `bold'
(Font)                  U/euf/m/n --> U/euf/b/n on input line 106.
)) (C:\Users\xt6894\AppData\Local\Programs\MiKTeX\tex/latex/amsmath\amsmath.sty
Package: amsmath 2025/07/09 v2.17z AMS math features
\@mathmargin=\skip71

For additional information on amsmath, use the `?' option.
(C:\Users\xt6894\AppData\Local\Programs\MiKTeX\tex/latex/amsmath\amsbsy.sty
Package: amsbsy 1999/11/29 v1.2d Bold Symbols
\pmbraise@=\dimen181
)
(C:\Users\xt6894\AppData\Local\Programs\MiKTeX\tex/latex/amsmath\amsopn.sty
Package: amsopn 2022/04/08 v2.04 operator names
)
\inf@bad=\count319
LaTeX Info: Redefining \frac on input line 233.
\uproot@=\count320
\leftroot@=\count321
LaTeX Info: Redefining \overline on input line 398.
LaTeX Info: Redefining \colon on input line 409.
\classnum@=\count322
\DOTSCASE@=\count323
LaTeX Info: Redefining \ldots on input line 495.
LaTeX Info: Redefining \dots on input line 498.
LaTeX Info: Redefining \cdots on input line 619.
\Mathstrutbox@=\box66
\strutbox@=\box67
LaTeX Info: Redefining \big on input line 721.
LaTeX Info: Redefining \Big on input line 722.
LaTeX Info: Redefining \bigg on input line 723.
LaTeX Info: Redefining \Bigg on input line 724.
\big@size=\dimen182
LaTeX Font Info:    Redeclaring font encoding OML on input line 742.
LaTeX Font Info:    Redeclaring font encoding OMS on input line 743.
\macc@depth=\count324
LaTeX Info: Redefining \bmod on input line 904.
LaTeX Info: Redefining \pmod on input line 909.
LaTeX Info: Redefining \smash on input line 939.
LaTeX Info: Redefining \relbar on input line 969.
LaTeX Info: Redefining \Relbar on input line 970.
\c@MaxMatrixCols=\count325
\dotsspace@=\muskip17
\c@parentequation=\count326
\dspbrk@lvl=\count327
\tag@help=\toks27
\row@=\count328
\column@=\count329
\maxfields@=\count330
\andhelp@=\toks28
\eqnshift@=\dimen183
\alignsep@=\dimen184
\tagshift@=\dimen185
\tagwidth@=\dimen186
\totwidth@=\dimen187
\lineht@=\dimen188
\@envbody=\toks29
\multlinegap=\skip72
\multlinetaggap=\skip73
\mathdisplay@stack=\toks30
LaTeX Info: Redefining \[ on input line 2950.
LaTeX Info: Redefining \] on input line 2951.
)
(C:\Users\xt6894\AppData\Local\Programs\MiKTeX\tex/latex/amscls\amsthm.sty
Package: amsthm 2020/05/29 v2.20.6
\thm@style=\toks31
\thm@bodyfont=\toks32
\thm@headfont=\toks33
\thm@notefont=\toks34
\thm@headpunct=\toks35
\thm@preskip=\skip74
\thm@postskip=\skip75
\thm@headsep=\skip76
\dth@everypar=\toks36
)
(C:\Users\xt6894\AppData\Local\Programs\MiKTeX\tex/latex/accents\accents.sty
Package: accents 2006/05/12 v1.4 Math Accent Tools
\cc@skew=\dimen189
\cc@wd=\dimen190
\cc@code=\count331
\cc@group=\count332
\cc@skewchar=\count333
)
(C:\Users\xt6894\AppData\Local\Programs\MiKTeX\tex/latex/xcolor\xcolor.sty
Package: xcolor 2024/09/29 v3.02 LaTeX color extensions (UK)

(C:\Users\xt6894\AppData\Local\Programs\MiKTeX\tex/latex/graphics-cfg\color.cfg
File: color.cfg 2016/01/02 v1.6 sample color configuration
)
Package xcolor Info: Driver file: pdftex.def on input line 274.

(C:\Users\xt6894\AppData\Local\Programs\MiKTeX\tex/latex/graphics\mathcolor.ltx
)
Package xcolor Info: Model `cmy' substituted by `cmy0' on input line 1349.
Package xcolor Info: Model `hsb' substituted by `rgb' on input line 1353.
Package xcolor Info: Model `RGB' extended on input line 1365.
Package xcolor Info: Model `HTML' substituted by `rgb' on input line 1367.
Package xcolor Info: Model `Hsb' substituted by `hsb' on input line 1368.
Package xcolor Info: Model `tHsb' substituted by `hsb' on input line 1369.
Package xcolor Info: Model `HSB' substituted by `hsb' on input line 1370.
Package xcolor Info: Model `Gray' substituted by `gray' on input line 1371.
Package xcolor Info: Model `wave' substituted by `hsb' on input line 1372.
)
(C:\Users\xt6894\AppData\Local\Programs\MiKTeX\tex/latex/graphics\dvipsnam.def
File: dvipsnam.def 2016/06/17 v3.0m Driver-dependent file (DPC,SPQR)
) (C:\Users\xt6894\AppData\Local\Programs\MiKTeX\tex/latex/listings\listings.st
y
\lst@mode=\count334
\lst@gtempboxa=\box68
\lst@token=\toks37
\lst@length=\count335
\lst@currlwidth=\dimen191
\lst@column=\count336
\lst@pos=\count337
\lst@lostspace=\dimen192
\lst@width=\dimen193
\lst@newlines=\count338
\lst@lineno=\count339
\lst@maxwidth=\dimen194
(C:\Users\xt6894\AppData\Local\Programs\MiKTeX\tex/latex/listings\lstpatch.sty
File: lstpatch.sty 2025/11/14 1.11b (Carsten Heinz)
) (C:\Users\xt6894\AppData\Local\Programs\MiKTeX\tex/latex/listings\lstmisc.sty
File: lstmisc.sty 2025/11/14 1.11b (Carsten Heinz)
\c@lstnumber=\count340
\lst@skipnumbers=\count341
\lst@framebox=\box69
) (C:\Users\xt6894\AppData\Local\Programs\MiKTeX\tex/latex/listings\listings.cf
g
File: listings.cfg 2025/11/14 1.11b listings configuration
))
Package: listings 2025/11/14 1.11b (Carsten Heinz)

==> First Aid for listings.sty no longer applied!
    Expected:
        2024/09/23 1.10c (Carsten Heinz)
    but found:
        2025/11/14 1.11b (Carsten Heinz)
    so I'm assuming it got fixed.
(C:\Users\xt6894\AppData\Local\Programs\MiKTeX\tex/latex/hyperref\hyperref.sty
Package: hyperref 2025-07-12 v7.01o Hypertext links for LaTeX

(C:\Users\xt6894\AppData\Local\Programs\MiKTeX\tex/latex/kvsetkeys\kvsetkeys.st
y
Package: kvsetkeys 2022-10-05 v1.19 Key value parser (HO)
)
(C:\Users\xt6894\AppData\Local\Programs\MiKTeX\tex/generic/kvdefinekeys\kvdefin
ekeys.sty
Package: kvdefinekeys 2019-12-19 v1.6 Define keys (HO)
)
(C:\Users\xt6894\AppData\Local\Programs\MiKTeX\tex/generic/pdfescape\pdfescape.
sty
Package: pdfescape 2019/12/09 v1.15 Implements pdfTeX's escape features (HO)
)
(C:\Users\xt6894\AppData\Local\Programs\MiKTeX\tex/latex/hycolor\hycolor.sty
Package: hycolor 2020-01-27 v1.10 Color options for hyperref/bookmark (HO)
)
(C:\Users\xt6894\AppData\Local\Programs\MiKTeX\tex/latex/hyperref\nameref.sty
Package: nameref 2025-06-21 v2.57 Cross-referencing by name of section

(C:\Users\xt6894\AppData\Local\Programs\MiKTeX\tex/latex/refcount\refcount.sty
Package: refcount 2019/12/15 v3.6 Data extraction from label references (HO)
)
(C:\Users\xt6894\AppData\Local\Programs\MiKTeX\tex/generic/gettitlestring\getti
tlestring.sty
Package: gettitlestring 2019/12/15 v1.6 Cleanup title references (HO)

(C:\Users\xt6894\AppData\Local\Programs\MiKTeX\tex/latex/kvoptions\kvoptions.st
y
Package: kvoptions 2022-06-15 v3.15 Key value format for package options (HO)
))
\c@section@level=\count342
)
(C:\Users\xt6894\AppData\Local\Programs\MiKTeX\tex/generic/stringenc\stringenc.
sty
Package: stringenc 2019/11/29 v1.12 Convert strings between diff. encodings (HO
)
)
\@linkdim=\dimen195
\Hy@linkcounter=\count343
\Hy@pagecounter=\count344

(C:\Users\xt6894\AppData\Local\Programs\MiKTeX\tex/latex/hyperref\pd1enc.def
File: pd1enc.def 2025-07-12 v7.01o Hyperref: PDFDocEncoding definition (HO)
Now handling font encoding PD1 ...
... no UTF-8 mapping file for font encoding PD1
)
(C:\Users\xt6894\AppData\Local\Programs\MiKTeX\tex/generic/intcalc\intcalc.sty
Package: intcalc 2019/12/15 v1.3 Expandable calculations with integers (HO)
)
\Hy@SavedSpaceFactor=\count345
(C:\Users\xt6894\AppData\Local\Programs\MiKTeX\tex/latex/hyperref\puenc.def
File: puenc.def 2025-07-12 v7.01o Hyperref: PDF Unicode definition (HO)
Now handling font encoding PU ...
... no UTF-8 mapping file for font encoding PU
)
Package hyperref Info: Hyper figures OFF on input line 4195.
Package hyperref Info: Link nesting OFF on input line 4200.
Package hyperref Info: Hyper index ON on input line 4203.
Package hyperref Info: Plain pages OFF on input line 4210.
Package hyperref Info: Backreferencing OFF on input line 4215.
Package hyperref Info: Implicit mode ON; LaTeX internals redefined.
Package hyperref Info: Bookmarks ON on input line 4462.
\c@Hy@tempcnt=\count346

(C:\Users\xt6894\AppData\Local\Programs\MiKTeX\tex/latex/url\url.sty
\Urlmuskip=\muskip18
Package: url 2013/09/16  ver 3.4  Verb mode for urls, etc.
)
LaTeX Info: Redefining \url on input line 4801.
\XeTeXLinkMargin=\dimen196

(C:\Users\xt6894\AppData\Local\Programs\MiKTeX\tex/generic/bitset\bitset.sty
Package: bitset 2019/12/09 v1.3 Handle bit-vector datatype (HO)

(C:\Users\xt6894\AppData\Local\Programs\MiKTeX\tex/generic/bigintcalc\bigintcal
c.sty
Package: bigintcalc 2019/12/15 v1.5 Expandable calculations on big integers (HO
)
))
\Fld@menulength=\count347
\Field@Width=\dimen197
\Fld@charsize=\dimen198
Package hyperref Info: Hyper figures OFF on input line 6078.
Package hyperref Info: Link nesting OFF on input line 6083.
Package hyperref Info: Hyper index ON on input line 6086.
Package hyperref Info: backreferencing OFF on input line 6093.
Package hyperref Info: Link coloring OFF on input line 6098.
Package hyperref Info: Link coloring with OCG OFF on input line 6103.
Package hyperref Info: PDF/A mode OFF on input line 6108.
\Hy@abspage=\count348
\c@Item=\count349
\c@Hfootnote=\count350
)
Package hyperref Info: Driver (autodetected): hpdftex.

(C:\Users\xt6894\AppData\Local\Programs\MiKTeX\tex/latex/hyperref\hpdftex.def
File: hpdftex.def 2025-07-12 v7.01o Hyperref driver for pdfTeX
\Fld@listcount=\count351
\c@bookmark@seq@number=\count352

(C:\Users\xt6894\AppData\Local\Programs\MiKTeX\tex/latex/rerunfilecheck\rerunfi
lecheck.sty
Package: rerunfilecheck 2025-06-21 v1.11 Rerun checks for auxiliary files (HO)

(C:\Users\xt6894\AppData\Local\Programs\MiKTeX\tex/generic/uniquecounter\unique
counter.sty
Package: uniquecounter 2019/12/15 v1.4 Provide unlimited unique counter (HO)
)
Package uniquecounter Info: New unique counter `rerunfilecheck' on input line 2
84.
)
\Hy@SectionHShift=\skip77
)
(C:\Users\xt6894\AppData\Local\Programs\MiKTeX\tex/latex/ulem\ulem.sty
\UL@box=\box70
\UL@hyphenbox=\box71
\UL@skip=\skip78
\UL@hook=\toks38
\UL@height=\dimen199
\UL@pe=\count353
\UL@pixel=\dimen256
\ULC@box=\box72
Package: ulem 2019/11/18
\ULdepth=\dimen257
)
(C:\Users\xt6894\AppData\Local\Programs\MiKTeX\tex/latex/tools\xspace.sty
Package: xspace 2014/10/28 v1.13 Space after command names (DPC,MH)
)
\c@definition=\count354
\c@theorem=\count355

(appunti.aux)
\openout1 = `appunti.aux'.

LaTeX Font Info:    Checking defaults for OML/cmm/m/it on input line 164.
LaTeX Font Info:    ... okay on input line 164.
LaTeX Font Info:    Checking defaults for OMS/cmsy/m/n on input line 164.
LaTeX Font Info:    ... okay on input line 164.
LaTeX Font Info:    Checking defaults for OT1/cmr/m/n on input line 164.
LaTeX Font Info:    ... okay on input line 164.
LaTeX Font Info:    Checking defaults for T1/cmr/m/n on input line 164.
LaTeX Font Info:    ... okay on input line 164.
LaTeX Font Info:    Checking defaults for TS1/cmr/m/n on input line 164.
LaTeX Font Info:    ... okay on input line 164.
LaTeX Font Info:    Checking defaults for OMX/cmex/m/n on input line 164.
LaTeX Font Info:    ... okay on input line 164.
LaTeX Font Info:    Checking defaults for U/cmr/m/n on input line 164.
LaTeX Font Info:    ... okay on input line 164.
LaTeX Font Info:    Checking defaults for PD1/pdf/m/n on input line 164.
LaTeX Font Info:    ... okay on input line 164.
LaTeX Font Info:    Checking defaults for PU/pdf/m/n on input line 164.
LaTeX Font Info:    ... okay on input line 164.
Package translations Info: no dictionary file `translations-basic-dictionary-it
alian.trsl' found. on input line 164.

(C:\Users\xt6894\AppData\Local\Programs\MiKTeX\tex/latex/translations/dicts\tra
nslations-basic-dictionary-english.trsl
File: translations-basic-dictionary-english.trsl (english translation file `tra
nslations-basic-dictionary')
)
Package translations Info: loading dictionary `translations-basic-dictionary' f
or `english'. on input line 164.

*geometry* driver: auto-detecting
*geometry* detected driver: pdftex
*geometry* verbose mode - [ preamble ] result:
* driver: pdftex
* paper: a4paper
* layout: <same size as paper>
* layoutoffset:(h,v)=(0.0pt,0.0pt)
* modes: twoside 
* h-part:(L,W,R)=(85.35826pt, 426.79135pt, 85.35826pt)
* v-part:(T,H,B)=(85.35826pt, 674.33032pt, 85.35826pt)
* \paperwidth=597.50787pt
* \paperheight=845.04684pt
* \textwidth=426.79135pt
* \textheight=674.33032pt
* \oddsidemargin=13.08827pt
* \evensidemargin=13.08827pt
* \topmargin=-23.91173pt
* \headheight=12.5pt
* \headsep=25.0pt
* \topskip=10.0pt
* \footskip=30.0pt
* \marginparwidth=111.0pt
* \marginparsep=11.0pt
* \columnsep=10.0pt
* \skip\footins=11.69997pt plus 5.19942pt minus 2.60054pt
* \hoffset=0.0pt
* \voffset=0.0pt
* \mag=1000
* \@twocolumnfalse
* \@twosidetrue
* \@mparswitchtrue
* \@reversemarginfalse
* (1in=72.27pt=25.4mm, 1cm=28.453pt)

LaTeX Info: Redefining \it@ocap on input line 164.
LaTeX Info: Redefining \it@ccap on input line 164.
babelbib: Set bibliography fall-back language to italian
babelbib: english.bdf loaded because language english defined.
(C:\Users\xt6894\AppData\Local\Programs\MiKTeX\tex/latex/babelbib\english.bdf
File: english.bdf 2021/01/06 v1.34 babelbib: multilingual bibliographies

babelbib extension \btxifchangecaseon added to \extrasenglish
)
babelbib: italian.bdf loaded because language italian defined.
(C:\Users\xt6894\AppData\Local\Programs\MiKTeX\tex/latex/babelbib\italian.bdf
File: italian.bdf 2021/01/06 v1.34 babelbib: multilingual bibliographies

babelbib extension \btxifchangecaseoff added to \extrasitalian
)
babelbib: Load BibTeX extensions \bibsitalian for italian
babelbib: Set language for keywords in the bibliography fixed to italian

(C:\Users\xt6894\AppData\Local\Programs\MiKTeX\tex/context/base/mkii\supp-pdf.m
kii
[Loading MPS to PDF converter (version 2006.09.02).]
\scratchcounter=\count356
\scratchdimen=\dimen258
\scratchbox=\box73
\nofMPsegments=\count357
\nofMParguments=\count358
\everyMPshowfont=\toks39
\MPscratchCnt=\count359
\MPscratchDim=\dimen259
\MPnumerator=\count360
\makeMPintoPDFobject=\count361
\everyMPtoPDFconversion=\toks40
)
(C:\Users\xt6894\AppData\Local\Programs\MiKTeX\tex/latex/epstopdf-pkg\epstopdf-
base.sty
Package: epstopdf-base 2020-01-24 v2.11 Base part for package epstopdf
Package epstopdf-base Info: Redefining graphics rule for `.eps' on input line 4
85.

(C:\Users\xt6894\AppData\Local\Programs\MiKTeX\tex/latex/00miktex\epstopdf-sys.
cfg
File: epstopdf-sys.cfg 2021/03/18 v2.0 Configuration of epstopdf for MiKTeX
))
\c@lstlisting=\count362
Package hyperref Info: Link coloring OFF on input line 164.
 (appunti.out) (appunti.out)
\@outlinefile=\write3
\openout3 = `appunti.out'.



LaTeX Font Warning: Font shape `T1/cmr/m/n' in size <32.34409> not available
(Font)              size <29.86> substituted on input line 167.


LaTeX Font Warning: Font shape `T1/cmr/bx/n' in size <32.34409> not available
(Font)              size <29.86> substituted on input line 167.

(appunti.toc

LaTeX Font Warning: Font shape `T1/cmr/bx/n' in size <13> not available
(Font)              size <12> substituted on input line 3.

LaTeX Font Info:    Calculating math sizes for size <13> on input line 4.

LaTeX Font Warning: Font shape `OT1/cmr/m/n' in size <6.5> not available
(Font)              size <6> substituted on input line 4.


LaTeX Font Warning: Font shape `OML/cmm/m/it' in size <13> not available
(Font)              size <12> substituted on input line 4.


LaTeX Font Warning: Font shape `OML/cmm/m/it' in size <6.5> not available
(Font)              size <6> substituted on input line 4.


LaTeX Font Warning: Font shape `OMS/cmsy/m/n' in size <13> not available
(Font)              size <12> substituted on input line 4.


LaTeX Font Warning: Font shape `OMS/cmsy/m/n' in size <6.5> not available
(Font)              size <6> substituted on input line 4.

LaTeX Font Info:    Trying to load font information for U+msa on input line 4.
(C:\Users\xt6894\AppData\Local\Programs\MiKTeX\tex/latex/amsfonts\umsa.fd
File: umsa.fd 2013/01/14 v3.01 AMS symbols A
)
LaTeX Font Info:    Trying to load font information for U+msb on input line 4.

(C:\Users\xt6894\AppData\Local\Programs\MiKTeX\tex/latex/amsfonts\umsb.fd
File: umsb.fd 2013/01/14 v3.01 AMS symbols B
))
\tf@toc=\write4
\openout4 = `appunti.toc'.


[1



{C:/Users/xt6894/AppData/Local/MiKTeX/fonts/map/pdftex/pdftex.map}] [2


]
Capitolo 1.

LaTeX Font Warning: Font shape `T1/cmr/m/n' in size <26.96207> not available
(Font)              size <24.88> substituted on input line 169.


LaTeX Font Warning: Font shape `T1/cmr/bx/n' in size <26.96207> not available
(Font)              size <24.88> substituted on input line 169.


LaTeX Font Warning: Font shape `T1/cmr/m/n' in size <18.72003> not available
(Font)              size <17.28> substituted on input line 171.


LaTeX Font Warning: Font shape `T1/cmr/bx/n' in size <18.72003> not available
(Font)              size <17.28> substituted on input line 171.


LaTeX Font Warning: Font shape `TS1/cmr/m/n' in size <13> not available
(Font)              size <12> substituted on input line 174.


LaTeX Font Warning: Font shape `T1/cmr/m/n' in size <15.59996> not available
(Font)              size <14.4> substituted on input line 185.


LaTeX Font Warning: Font shape `T1/cmr/bx/n' in size <15.59996> not available
(Font)              size <14.4> substituted on input line 185.

[3]
No file appunti.bbl.

Package fancyhdr Warning: \headheight is too small (12.5pt): 
(fancyhdr)                Make it at least 15.59995pt, for example:
(fancyhdr)                \setlength{\headheight}{15.59995pt}.
(fancyhdr)                You might also make \topmargin smaller:
(fancyhdr)                \addtolength{\topmargin}{-3.09995pt}.

[4] (appunti.aux)
 ***********
LaTeX2e <2025-11-01>
L3 programming layer <2025-11-06>
 ***********


LaTeX Font Warning: Size substitutions with differences
(Font)              up to 2.48409pt have occurred.


Package rerunfilecheck Warning: File `appunti.out' has changed.
(rerunfilecheck)                Rerun to get outlines right
(rerunfilecheck)                or use package `bookmark'.

Package rerunfilecheck Info: Checksums for `appunti.out':
(rerunfilecheck)             Before: 310E85A5117D20CEC41ED01C80B2E0BC;1234
(rerunfilecheck)             After:  F7A80E181582F47C820C506F11FE8009;1426.
 ) 
Here is how much of TeX's memory you used:
 20233 strings out of 467871
 382061 string characters out of 5417891
 910141 words of memory out of 5000000
 48830 multiletter control sequences out of 15000+600000
 640534 words of font info for 70 fonts, out of 8000000 for 9000
 1141 hyphenation exceptions out of 8191
 108i,11n,107p,600b,1065s stack positions out of 10000i,1000n,20000p,200000b,200000s
 <C:\Users\xt6894\AppData\Local\MiKTeX\fonts/pk/ljfour/jknappen/ec/dpi600\ecb
x1440.pk> <C:\Users\xt6894\AppData\Local\MiKTeX\fonts/pk/ljfour/jknappen/ec/dpi
600\tcrm1200.pk> <C:\Users\xt6894\AppData\Local\MiKTeX\fonts/pk/ljfour/jknappen
/ec/dpi600\ecbx1728.pk> <C:\Users\xt6894\AppData\Local\MiKTeX\fonts/pk/ljfour/j
knappen/ec/dpi600\ecbx2488.pk> <C:\Users\xt6894\AppData\Local\MiKTeX\fonts/pk/l
jfour/jknappen/ec/dpi600\ecrm1200.pk> <C:\Users\xt6894\AppData\Local\MiKTeX\fon
ts/pk/ljfour/jknappen/ec/dpi600\ecbx1200.pk> <C:\Users\xt6894\AppData\Local\MiK
TeX\fonts/pk/ljfour/jknappen/ec/dpi600\ecbx2986.pk><C:/Users/xt6894/AppData/Loc
al/Programs/MiKTeX/fonts/type1/public/amsfonts/cm/cmmi12.pfb><C:/Users/xt6894/A
ppData/Local/Programs/MiKTeX/fonts/type1/public/amsfonts/cm/cmr12.pfb><C:/Users
/xt6894/AppData/Local/Programs/MiKTeX/fonts/type1/public/amsfonts/cm/cmr9.pfb><
C:/Users/xt6894/AppData/Local/Programs/MiKTeX/fonts/type1/public/amsfonts/cm/cm
sy10.pfb>
Output written on appunti.pdf (4 pages, 107928 bytes).
PDF statistics:
 263 PDF objects out of 1000 (max. 8388607)
 12 named destinations out of 1000 (max. 500000)
 41 words of extra memory for PDF output out of 10000 (max. 10000000)

